<?xml version="1.0" encoding="UTF-8"?>
<!-- Generated by org.testng.reporters.JUnitReportReporter -->
<testsuite skipped="0" hostname="johnq-PC" name="com.merkatodemo.NewClass" tests="3" failures="0" timestamp="02 Feb 2018 03:39:58 GMT" time="9.873" errors="0">
  <testcase name="testLoginCustomer" time="5.780" classname="com.merkatodemo.NewClass"/>
  <testcase name="testNewProductLink" time="3.848" classname="com.merkatodemo.NewClass"/>
  <testcase name="testSortProductManufacturer" time="0.245" classname="com.merkatodemo.NewClass"/>
</testsuite> <!-- com.merkatodemo.NewClass -->
