<?xml version="1.0" encoding="UTF-8"?>
<!-- Generated by org.testng.reporters.JUnitReportReporter -->
<testsuite skipped="0" hostname="johnq-PC" name="testScripts.SortProductNamePageTest" tests="1" failures="0" timestamp="13 Feb 2018 23:32:15 GMT" time="0.537" errors="0">
  <testcase name="VerifySortProd_Name" time="0.537" classname="testScripts.SortProductNamePageTest"/>
</testsuite> <!-- testScripts.SortProductNamePageTest -->
