<?xml version="1.0" encoding="UTF-8"?>
<!-- Generated by org.testng.reporters.JUnitReportReporter -->
<testsuite skipped="0" hostname="johnq-PC" name="com.catalog.test.CatalogTest" tests="3" failures="0" timestamp="01 Feb 2018 05:53:17 GMT" time="36.890" errors="0">
  <testcase name="testLoginCustomer" time="11.858" classname="com.catalog.test.CatalogTest"/>
  <testcase name="testNewProductLink" time="23.217" classname="com.catalog.test.CatalogTest"/>
  <testcase name="testSortProductManufacturer" time="1.815" classname="com.catalog.test.CatalogTest"/>
</testsuite> <!-- com.catalog.test.CatalogTest -->
